# JRE version: Java(TM) SE Runtime Environment 18.9 (11.0.15.1+2) (build 11.0.15.1+2-LTS-10)
# Java VM: Java HotSpot(TM) 64-Bit Server VM 18.9 (11.0.15.1+2-LTS-10, mixed mode, tiered, compressed oops, g1 gc, windows-amd64)
Heap:
 garbage-first heap   total 129024K, used 41117K [0x0000000083200000, 0x0000000100000000)
  region size 1024K, 26 young (26624K), 5 survivors (5120K)
 Metaspace       used 52557K, capacity 54347K, committed 54656K, reserved 1097728K
  class space    used 6480K, capacity 7210K, committed 7296K, reserved 1048576K
GC Heap History (10 events):
Event: 4.704 GC heap before
{Heap before GC invocations=4 (full 0):
 garbage-first heap   total 129024K, used 79283K [0x0000000083200000, 0x0000000100000000)
  region size 1024K, 72 young (73728K), 5 survivors (5120K)
 Metaspace       used 34113K, capacity 35268K, committed 35584K, reserved 1081344K
  class space    used 4055K, capacity 4515K, committed 4608K, reserved 1048576K
}
Event: 4.713 GC heap after
{Heap after GC invocations=5 (full 0):
 garbage-first heap   total 129024K, used 13286K [0x0000000083200000, 0x0000000100000000)
  region size 1024K, 5 young (5120K), 5 survivors (5120K)
 Metaspace       used 34113K, capacity 35268K, committed 35584K, reserved 1081344K
  class space    used 4055K, capacity 4515K, committed 4608K, reserved 1048576K
}
Event: 4.737 GC heap before
{Heap before GC invocations=5 (full 0):
 garbage-first heap   total 129024K, used 15334K [0x0000000083200000, 0x0000000100000000)
  region size 1024K, 8 young (8192K), 5 survivors (5120K)
 Metaspace       used 34310K, capacity 35449K, committed 35584K, reserved 1081344K
  class space    used 4081K, capacity 4535K, committed 4608K, reserved 1048576K
}
Event: 4.742 GC heap after
{Heap after GC invocations=6 (full 0):
 garbage-first heap   total 129024K, used 13170K [0x0000000083200000, 0x0000000100000000)
  region size 1024K, 5 young (5120K), 5 survivors (5120K)
 Metaspace       used 34310K, capacity 35449K, committed 35584K, reserved 1081344K
  class space    used 4081K, capacity 4535K, committed 4608K, reserved 1048576K
}
Event: 7.074 GC heap before
{Heap before GC invocations=7 (full 0):
 garbage-first heap   total 129024K, used 75634K [0x0000000083200000, 0x0000000100000000)
  region size 1024K, 66 young (67584K), 5 survivors (5120K)
 Metaspace       used 40964K, capacity 42465K, committed 42752K, reserved 1087488K
  class space    used 4930K, capacity 5546K, committed 5632K, reserved 1048576K
}
Event: 7.082 GC heap after
{Heap after GC invocations=8 (full 0):
 garbage-first heap   total 129024K, used 16445K [0x0000000083200000, 0x0000000100000000)
  region size 1024K, 7 young (7168K), 7 survivors (7168K)
 Metaspace       used 40964K, capacity 42465K, committed 42752K, reserved 1087488K
  class space    used 4930K, capacity 5546K, committed 5632K, reserved 1048576K
}
Event: 7.945 GC heap before
{Heap before GC invocations=8 (full 0):
 garbage-first heap   total 129024K, used 79933K [0x0000000083200000, 0x0000000100000000)
  region size 1024K, 69 young (70656K), 7 survivors (7168K)
 Metaspace       used 43176K, capacity 44716K, committed 44800K, reserved 1087488K
  class space    used 5199K, capacity 5848K, committed 5888K, reserved 1048576K
}
Event: 7.959 GC heap after
{Heap after GC invocations=9 (full 0):
 garbage-first heap   total 129024K, used 20335K [0x0000000083200000, 0x0000000100000000)
  region size 1024K, 8 young (8192K), 8 survivors (8192K)
 Metaspace       used 43176K, capacity 44716K, committed 44800K, reserved 1087488K
  class space    used 5199K, capacity 5848K, committed 5888K, reserved 1048576K
}
Event: 8.801 GC heap before
{Heap before GC invocations=9 (full 0):
 garbage-first heap   total 129024K, used 84847K [0x0000000083200000, 0x0000000100000000)
  region size 1024K, 71 young (72704K), 8 survivors (8192K)
 Metaspace       used 48570K, capacity 50351K, committed 50560K, reserved 1093632K
  class space    used 6034K, capacity 6742K, committed 6784K, reserved 1048576K
}
Event: 8.811 GC heap after
{Heap after GC invocations=10 (full 0):
 garbage-first heap   total 129024K, used 20637K [0x0000000083200000, 0x0000000100000000)
  region size 1024K, 5 young (5120K), 5 survivors (5120K)
 Metaspace       used 48570K, capacity 50351K, committed 50560K, reserved 1093632K
  class space    used 6034K, capacity 6742K, committed 6784K, reserved 1048576K
}

